[    3515ms] [INFO] %cDownload the React DevTools for a better development experience: https://react.dev/link/react-devtools font-weight:bold @ http://localhost:3100/_next/static/chunks/node_modules_next_dist_115brz8._.js:2477
[    3659ms] [LOG] [HMR] connected @ http://localhost:3100/_next/static/chunks/node_modules_next_dist_115brz8._.js:2477
[    3829ms] [LOG] [Fast Refresh] rebuilding @ http://localhost:3100/_next/static/chunks/node_modules_next_dist_115brz8._.js:2477
[    3916ms] [LOG] [Fast Refresh] done in 187ms @ http://localhost:3100/_next/static/chunks/node_modules_next_dist_115brz8._.js:2477
[   14963ms] [LOG] [Fast Refresh] rebuilding @ http://localhost:3100/_next/static/chunks/node_modules_next_dist_115brz8._.js:2477
[   15775ms] [LOG] [Fast Refresh] done in 914ms @ http://localhost:3100/_next/static/chunks/node_modules_next_dist_115brz8._.js:2477
[ 1789844ms] [LOG] [Fast Refresh] rebuilding @ http://localhost:3100/_next/static/chunks/node_modules_next_dist_115brz8._.js:2477
[ 1792166ms] [LOG] [Fast Refresh] done in 2424ms @ http://localhost:3100/_next/static/chunks/node_modules_next_dist_115brz8._.js:2477
[ 1792393ms] [LOG] [Fast Refresh] rebuilding @ http://localhost:3100/_next/static/chunks/node_modules_next_dist_115brz8._.js:2477
[ 1793216ms] [LOG] [Fast Refresh] done in 926ms @ http://localhost:3100/_next/static/chunks/node_modules_next_dist_115brz8._.js:2477
[ 1902258ms] [LOG] [Fast Refresh] rebuilding @ http://localhost:3100/_next/static/chunks/node_modules_next_dist_115brz8._.js:2477
[ 1902352ms] [LOG] [Fast Refresh] done in 197ms @ http://localhost:3100/_next/static/chunks/node_modules_next_dist_115brz8._.js:2477
[ 2620076ms] [LOG] [Fast Refresh] rebuilding @ http://localhost:3100/_next/static/chunks/node_modules_next_dist_115brz8._.js:2477
[ 2620244ms] [LOG] [Fast Refresh] done in 272ms @ http://localhost:3100/_next/static/chunks/node_modules_next_dist_115brz8._.js:2477
[ 2628315ms] [LOG] [Fast Refresh] rebuilding @ http://localhost:3100/_next/static/chunks/node_modules_next_dist_115brz8._.js:2477
[ 2628419ms] [LOG] [Fast Refresh] done in 170ms @ http://localhost:3100/_next/static/chunks/node_modules_next_dist_115brz8._.js:2477
[ 2655823ms] [LOG] [Fast Refresh] rebuilding @ http://localhost:3100/_next/static/chunks/node_modules_next_dist_115brz8._.js:2477
[ 2655953ms] [LOG] [Fast Refresh] done in 232ms @ http://localhost:3100/_next/static/chunks/node_modules_next_dist_115brz8._.js:2477
[ 2702394ms] [LOG] [Fast Refresh] rebuilding @ http://localhost:3100/_next/static/chunks/node_modules_next_dist_115brz8._.js:2477
[ 2702517ms] [LOG] [Fast Refresh] done in 225ms @ http://localhost:3100/_next/static/chunks/node_modules_next_dist_115brz8._.js:2477
[ 2750350ms] [LOG] [Fast Refresh] rebuilding @ http://localhost:3100/_next/static/chunks/node_modules_next_dist_115brz8._.js:2477
[ 2750399ms] [LOG] [Fast Refresh] done in 151ms @ http://localhost:3100/_next/static/chunks/node_modules_next_dist_115brz8._.js:2477
[ 2775317ms] [LOG] [Fast Refresh] rebuilding @ http://localhost:3100/_next/static/chunks/node_modules_next_dist_115brz8._.js:2477
[ 2775366ms] [LOG] [Fast Refresh] done in 151ms @ http://localhost:3100/_next/static/chunks/node_modules_next_dist_115brz8._.js:2477
[ 2793739ms] [LOG] [Fast Refresh] rebuilding @ http://localhost:3100/_next/static/chunks/node_modules_next_dist_115brz8._.js:2477
[ 2793841ms] [LOG] [Fast Refresh] done in 172ms @ http://localhost:3100/_next/static/chunks/node_modules_next_dist_115brz8._.js:2477
[ 2819981ms] [LOG] [Fast Refresh] rebuilding @ http://localhost:3100/_next/static/chunks/node_modules_next_dist_115brz8._.js:2477
[ 2820016ms] [LOG] [Fast Refresh] done in 74ms @ http://localhost:3100/_next/static/chunks/node_modules_next_dist_115brz8._.js:2477
[ 2820044ms] [LOG] [Fast Refresh] rebuilding @ http://localhost:3100/_next/static/chunks/node_modules_next_dist_115brz8._.js:2477
[ 2820600ms] [LOG] [Fast Refresh] done in 27ms @ http://localhost:3100/_next/static/chunks/node_modules_next_dist_115brz8._.js:2477
[ 2826382ms] [LOG] [Fast Refresh] rebuilding @ http://localhost:3100/_next/static/chunks/node_modules_next_dist_115brz8._.js:2477
[ 2826523ms] [LOG] [Fast Refresh] done in 70ms @ http://localhost:3100/_next/static/chunks/node_modules_next_dist_115brz8._.js:2477
[ 2827573ms] [LOG] [Fast Refresh] rebuilding @ http://localhost:3100/_next/static/chunks/node_modules_next_dist_115brz8._.js:2477
[ 2827691ms] [LOG] [Fast Refresh] done in 220ms @ http://localhost:3100/_next/static/chunks/node_modules_next_dist_115brz8._.js:2477
[ 2827798ms] [LOG] [Fast Refresh] rebuilding @ http://localhost:3100/_next/static/chunks/node_modules_next_dist_115brz8._.js:2477
[ 2827847ms] [LOG] [Fast Refresh] done in 150ms @ http://localhost:3100/_next/static/chunks/node_modules_next_dist_115brz8._.js:2477
[ 2832803ms] [LOG] [Fast Refresh] rebuilding @ http://localhost:3100/_next/static/chunks/node_modules_next_dist_115brz8._.js:2477
[ 2833023ms] [LOG] [Fast Refresh] done in 320ms @ http://localhost:3100/_next/static/chunks/node_modules_next_dist_115brz8._.js:2477
[ 2833123ms] [LOG] [Fast Refresh] rebuilding @ http://localhost:3100/_next/static/chunks/node_modules_next_dist_115brz8._.js:2477
[ 2833605ms] [LOG] [Fast Refresh] done in 582ms @ http://localhost:3100/_next/static/chunks/node_modules_next_dist_115brz8._.js:2477
[ 2834968ms] [LOG] [Fast Refresh] rebuilding @ http://localhost:3100/_next/static/chunks/node_modules_next_dist_115brz8._.js:2477
[ 2834995ms] [LOG] [Fast Refresh] done in 128ms @ http://localhost:3100/_next/static/chunks/node_modules_next_dist_115brz8._.js:2477
[ 2844393ms] [LOG] [Fast Refresh] rebuilding @ http://localhost:3100/_next/static/chunks/node_modules_next_dist_115brz8._.js:2477
[ 2844467ms] [LOG] [Fast Refresh] done in 69ms @ http://localhost:3100/_next/static/chunks/node_modules_next_dist_115brz8._.js:2477
[ 2844471ms] [LOG] [Fast Refresh] rebuilding @ http://localhost:3100/_next/static/chunks/node_modules_next_dist_115brz8._.js:2477
[ 2844518ms] [LOG] [Fast Refresh] done in 47ms @ http://localhost:3100/_next/static/chunks/node_modules_next_dist_115brz8._.js:2477
[ 2844941ms] [LOG] [Fast Refresh] rebuilding @ http://localhost:3100/_next/static/chunks/node_modules_next_dist_115brz8._.js:2477
[ 2844974ms] [LOG] [Fast Refresh] done in 133ms @ http://localhost:3100/_next/static/chunks/node_modules_next_dist_115brz8._.js:2477
[ 2860592ms] [LOG] [Fast Refresh] rebuilding @ http://localhost:3100/_next/static/chunks/node_modules_next_dist_115brz8._.js:2477
[ 2861063ms] [LOG] [Fast Refresh] done in 496ms @ http://localhost:3100/_next/static/chunks/node_modules_next_dist_115brz8._.js:2477
[ 2862133ms] [LOG] [Fast Refresh] rebuilding @ http://localhost:3100/_next/static/chunks/node_modules_next_dist_115brz8._.js:2477
[ 2862138ms] [LOG] [Fast Refresh] done in 106ms @ http://localhost:3100/_next/static/chunks/node_modules_next_dist_115brz8._.js:2477
[ 2862708ms] [LOG] [Fast Refresh] rebuilding @ http://localhost:3100/_next/static/chunks/node_modules_next_dist_115brz8._.js:2477
[ 2862774ms] [LOG] [Fast Refresh] done in 166ms @ http://localhost:3100/_next/static/chunks/node_modules_next_dist_115brz8._.js:2477
[ 2862892ms] [LOG] [Fast Refresh] rebuilding @ http://localhost:3100/_next/static/chunks/node_modules_next_dist_115brz8._.js:2477
[ 2862934ms] [LOG] [Fast Refresh] done in 144ms @ http://localhost:3100/_next/static/chunks/node_modules_next_dist_115brz8._.js:2477
[ 2863721ms] [LOG] [Fast Refresh] rebuilding @ http://localhost:3100/_next/static/chunks/node_modules_next_dist_115brz8._.js:2477
[ 2863744ms] [LOG] [Fast Refresh] done in 125ms @ http://localhost:3100/_next/static/chunks/node_modules_next_dist_115brz8._.js:2477
[ 2864114ms] [LOG] [Fast Refresh] rebuilding @ http://localhost:3100/_next/static/chunks/node_modules_next_dist_115brz8._.js:2477
[ 2864270ms] [LOG] [Fast Refresh] done in 257ms @ http://localhost:3100/_next/static/chunks/node_modules_next_dist_115brz8._.js:2477
[ 2877102ms] [LOG] [Fast Refresh] rebuilding @ http://localhost:3100/_next/static/chunks/node_modules_next_dist_115brz8._.js:2477
[ 2877298ms] [LOG] [Fast Refresh] done in 217ms @ http://localhost:3100/_next/static/chunks/node_modules_next_dist_115brz8._.js:2477
[ 2877411ms] [LOG] [Fast Refresh] rebuilding @ http://localhost:3100/_next/static/chunks/node_modules_next_dist_115brz8._.js:2477
[ 2878566ms] [LOG] [Fast Refresh] done in 1255ms @ http://localhost:3100/_next/static/chunks/node_modules_next_dist_115brz8._.js:2477
[ 2880909ms] [LOG] [Fast Refresh] rebuilding @ http://localhost:3100/_next/static/chunks/node_modules_next_dist_115brz8._.js:2477
[ 2880955ms] [LOG] [Fast Refresh] done in 147ms @ http://localhost:3100/_next/static/chunks/node_modules_next_dist_115brz8._.js:2477
[ 2881154ms] [LOG] [Fast Refresh] rebuilding @ http://localhost:3100/_next/static/chunks/node_modules_next_dist_115brz8._.js:2477
[ 2881164ms] [LOG] [Fast Refresh] done in 111ms @ http://localhost:3100/_next/static/chunks/node_modules_next_dist_115brz8._.js:2477
[ 2882191ms] [LOG] [Fast Refresh] rebuilding @ http://localhost:3100/_next/static/chunks/node_modules_next_dist_115brz8._.js:2477
[ 2882203ms] [LOG] [Fast Refresh] done in 113ms @ http://localhost:3100/_next/static/chunks/node_modules_next_dist_115brz8._.js:2477
[ 2900042ms] [LOG] [Fast Refresh] rebuilding @ http://localhost:3100/_next/static/chunks/node_modules_next_dist_115brz8._.js:2477
[ 2900071ms] [LOG] [Fast Refresh] done in 92ms @ http://localhost:3100/_next/static/chunks/node_modules_next_dist_115brz8._.js:2477
[ 2907452ms] [LOG] [Fast Refresh] rebuilding @ http://localhost:3100/_next/static/chunks/node_modules_next_dist_115brz8._.js:2477
[ 2907836ms] [LOG] [Fast Refresh] done in 194ms @ http://localhost:3100/_next/static/chunks/node_modules_next_dist_115brz8._.js:2477
[ 2939895ms] [LOG] [Fast Refresh] rebuilding @ http://localhost:3100/_next/static/chunks/node_modules_next_dist_115brz8._.js:2477
[ 2939917ms] [LOG] [Fast Refresh] done in 103ms @ http://localhost:3100/_next/static/chunks/node_modules_next_dist_115brz8._.js:2477
[ 2967854ms] [LOG] [Fast Refresh] rebuilding @ http://localhost:3100/_next/static/chunks/node_modules_next_dist_115brz8._.js:2477
[ 2967893ms] [LOG] [Fast Refresh] done in 142ms @ http://localhost:3100/_next/static/chunks/node_modules_next_dist_115brz8._.js:2477
[ 3007909ms] [LOG] [Fast Refresh] rebuilding @ http://localhost:3100/_next/static/chunks/node_modules_next_dist_115brz8._.js:2477
[ 3007950ms] [LOG] [Fast Refresh] done in 116ms @ http://localhost:3100/_next/static/chunks/node_modules_next_dist_115brz8._.js:2477
[ 3020530ms] [LOG] [Fast Refresh] rebuilding @ http://localhost:3100/_next/static/chunks/node_modules_next_dist_115brz8._.js:2477
[ 3020612ms] [LOG] [Fast Refresh] done in 83ms @ http://localhost:3100/_next/static/chunks/node_modules_next_dist_115brz8._.js:2477
[ 3020989ms] [LOG] [Fast Refresh] rebuilding @ http://localhost:3100/_next/static/chunks/node_modules_next_dist_115brz8._.js:2477
[ 3021120ms] [LOG] [Fast Refresh] done in 234ms @ http://localhost:3100/_next/static/chunks/node_modules_next_dist_115brz8._.js:2477
[ 3022658ms] [LOG] [Fast Refresh] rebuilding @ http://localhost:3100/_next/static/chunks/node_modules_next_dist_115brz8._.js:2477
[ 3022666ms] [LOG] [Fast Refresh] done in 108ms @ http://localhost:3100/_next/static/chunks/node_modules_next_dist_115brz8._.js:2477
[ 3023394ms] [LOG] [Fast Refresh] rebuilding @ http://localhost:3100/_next/static/chunks/node_modules_next_dist_115brz8._.js:2477
[ 3023405ms] [LOG] [Fast Refresh] done in 113ms @ http://localhost:3100/_next/static/chunks/node_modules_next_dist_115brz8._.js:2477
[ 3024829ms] [LOG] [Fast Refresh] rebuilding @ http://localhost:3100/_next/static/chunks/node_modules_next_dist_115brz8._.js:2477
[ 3024844ms] [LOG] [Fast Refresh] done in 117ms @ http://localhost:3100/_next/static/chunks/node_modules_next_dist_115brz8._.js:2477
[ 3025038ms] [LOG] [Fast Refresh] rebuilding @ http://localhost:3100/_next/static/chunks/node_modules_next_dist_115brz8._.js:2477
[ 3025055ms] [LOG] [Fast Refresh] done in 117ms @ http://localhost:3100/_next/static/chunks/node_modules_next_dist_115brz8._.js:2477
[ 3030757ms] [LOG] [Fast Refresh] rebuilding @ http://localhost:3100/_next/static/chunks/node_modules_next_dist_115brz8._.js:2477
[ 3031081ms] ReferenceError: ExportBar is not defined
    at ResultsView (http://localhost:3100/_next/static/chunks/_0mjnzb3._.js?id=%255Bproject%255D%252Fapp%252Fresults%252F%255BrunId%255D%252FResultsView.tsx+%255Bapp-client%255D+%2528ecmascript%2529:166:220)
    at Object.react_stack_bottom_frame (http://localhost:3100/_next/static/chunks/node_modules_next_dist_compiled_react-dom_058-ah~._.js:15037:24)
    at renderWithHooks (http://localhost:3100/_next/static/chunks/node_modules_next_dist_compiled_react-dom_058-ah~._.js:4620:24)
    at updateFunctionComponent (http://localhost:3100/_next/static/chunks/node_modules_next_dist_compiled_react-dom_058-ah~._.js:6081:21)
    at beginWork (http://localhost:3100/_next/static/chunks/node_modules_next_dist_compiled_react-dom_058-ah~._.js:6691:24)
    at runWithFiberInDEV (http://localhost:3100/_next/static/chunks/node_modules_next_dist_compiled_react-dom_058-ah~._.js:965:74)
    at performUnitOfWork (http://localhost:3100/_next/static/chunks/node_modules_next_dist_compiled_react-dom_058-ah~._.js:9555:97)
    at workLoopSync (http://localhost:3100/_next/static/chunks/node_modules_next_dist_compiled_react-dom_058-ah~._.js:9449:40)
    at renderRootSync (http://localhost:3100/_next/static/chunks/node_modules_next_dist_compiled_react-dom_058-ah~._.js:9433:13)
    at performWorkOnRoot (http://localhost:3100/_next/static/chunks/node_modules_next_dist_compiled_react-dom_058-ah~._.js:9098:47)
    at performSyncWorkOnRoot (http://localhost:3100/_next/static/chunks/node_modules_next_dist_compiled_react-dom_058-ah~._.js:10263:9)
    at flushSyncWorkAcrossRoots_impl (http://localhost:3100/_next/static/chunks/node_modules_next_dist_compiled_react-dom_058-ah~._.js:10179:316)
    at flushSyncWork$1 (http://localhost:3100/_next/static/chunks/node_modules_next_dist_compiled_react-dom_058-ah~._.js:9230:86)
    at Object.scheduleRefresh (http://localhost:3100/_next/static/chunks/node_modules_next_dist_compiled_react-dom_058-ah~._.js:299:13)
    at http://localhost:3100/_next/static/chunks/node_modules_next_dist_compiled_0rpq4pf._.js:391:33
    at Set.forEach (<anonymous>)
    at Object.performReactRefresh (http://localhost:3100/_next/static/chunks/node_modules_next_dist_compiled_0rpq4pf._.js:384:38)
    at applyUpdate (http://localhost:3100/_next/static/chunks/node_modules_next_dist_compiled_0rpq4pf._.js:878:31)
    at http://localhost:3100/_next/static/chunks/node_modules_next_dist_compiled_0rpq4pf._.js:886:13
[ 3031118ms] [LOG] [Fast Refresh] done in 370ms @ http://localhost:3100/_next/static/chunks/node_modules_next_dist_115brz8._.js:2477
[ 3031298ms] [LOG] [Fast Refresh] rebuilding @ http://localhost:3100/_next/static/chunks/node_modules_next_dist_115brz8._.js:2477
[ 3031352ms] [LOG] [Fast Refresh] done in 156ms @ http://localhost:3100/_next/static/chunks/node_modules_next_dist_115brz8._.js:2477
[ 3043687ms] [LOG] [Fast Refresh] rebuilding @ http://localhost:3100/_next/static/chunks/node_modules_next_dist_115brz8._.js:2477
[ 3043696ms] [WARNING] [Fast Refresh] performing full reload because your application had an unrecoverable error @ http://localhost:3100/_next/static/chunks/node_modules_next_dist_115brz8._.js:2477
[ 3043779ms] [LOG] [Fast Refresh] done in 93ms @ http://localhost:3100/_next/static/chunks/node_modules_next_dist_115brz8._.js:2477
[ 3044133ms] [LOG] [Fast Refresh] rebuilding @ http://localhost:3100/_next/static/chunks/node_modules_next_dist_115brz8._.js:2477
[ 3044150ms] [LOG] [Fast Refresh] done in 118ms @ http://localhost:3100/_next/static/chunks/node_modules_next_dist_115brz8._.js:2477
[ 3044571ms] [INFO] %cDownload the React DevTools for a better development experience: https://react.dev/link/react-devtools font-weight:bold @ http://localhost:3100/_next/static/chunks/node_modules_next_dist_115brz8._.js:2477
[ 3044608ms] [LOG] [HMR] connected @ http://localhost:3100/_next/static/chunks/node_modules_next_dist_115brz8._.js:2477
[ 3044915ms] Error: Hydration failed because the server rendered HTML didn't match the client. As a result this tree will be regenerated on the client. This can happen if a SSR-ed Client Component used:

- A server/client branch `if (typeof window !== 'undefined')`.
- Variable input such as `Date.now()` or `Math.random()` which changes each time it's called.
- Date formatting in a user's locale which doesn't match the server.
- External changing data without sending a snapshot of it along with the HTML.
- Invalid HTML tag nesting.

It can also happen if the client has a browser extension installed which messes with the HTML before React loaded.

https://react.dev/link/hydration-mismatch

  ...
    <RenderFromTemplateContext>
      <ScrollAndMaybeFocusHandler cacheNode={{rsc:{...}, ...}}>
        <InnerScrollAndFocusHandlerOld focusAndScrollRef={{scrollRef:null, ...}} cacheNode={{rsc:{...}, ...}}>
          <ErrorBoundary errorComponent={undefined} errorStyles={undefined} errorScripts={undefined}>
            <LoadingBoundary name="run_ctx_e7..." loading={null}>
              <HTTPAccessFallbackBoundary notFound={undefined} forbidden={undefined} unauthorized={undefined}>
                <RedirectBoundary>
                  <RedirectErrorBoundary router={{...}}>
                    <InnerLayoutRouter url="/results/r..." tree={[...]} params={{runId:"run..."}} ...>
                      <SegmentViewNode type="page" pagePath="results/[r...">
                        <SegmentTrieNode>
                        <ResultsPage>
                          <ResultsView runId="run_ctx_e7...">
                            <div
+                             className="min-h-screen bg-zinc-50 dark:bg-zinc-950 text-zinc-900 dark:text-zinc-100"
-                             className="min-h-screen flex items-center justify-center text-zinc-600"
                            >
+                             <main className="mx-auto max-w-5xl px-6 py-12">
-                             <div>
                      ...
                    ...
          ...
    ...

    at throwOnHydrationMismatch (http://localhost:3100/_next/static/chunks/node_modules_next_dist_compiled_react-dom_058-ah~._.js:3318:56)
    at beginWork (http://localhost:3100/_next/static/chunks/node_modules_next_dist_compiled_react-dom_058-ah~._.js:6758:918)
    at runWithFiberInDEV (http://localhost:3100/_next/static/chunks/node_modules_next_dist_compiled_react-dom_058-ah~._.js:965:74)
    at performUnitOfWork (http://localhost:3100/_next/static/chunks/node_modules_next_dist_compiled_react-dom_058-ah~._.js:9555:97)
    at workLoopConcurrentByScheduler (http://localhost:3100/_next/static/chunks/node_modules_next_dist_compiled_react-dom_058-ah~._.js:9551:58)
    at renderRootConcurrent (http://localhost:3100/_next/static/chunks/node_modules_next_dist_compiled_react-dom_058-ah~._.js:9534:71)
    at performWorkOnRoot (http://localhost:3100/_next/static/chunks/node_modules_next_dist_compiled_react-dom_058-ah~._.js:9061:150)
    at performWorkOnRootViaSchedulerTask (http://localhost:3100/_next/static/chunks/node_modules_next_dist_compiled_react-dom_058-ah~._.js:10255:9)
    at MessagePort.performWorkUntilDeadline (http://localhost:3100/_next/static/chunks/node_modules_next_dist_compiled_0rpq4pf._.js:2647:64)
[ 3044865ms] [LOG] [Fast Refresh] rebuilding @ http://localhost:3100/_next/static/chunks/node_modules_next_dist_115brz8._.js:2477
[ 3044956ms] [LOG] [Fast Refresh] done in 192ms @ http://localhost:3100/_next/static/chunks/node_modules_next_dist_115brz8._.js:2477
[ 3052822ms] [LOG] [Fast Refresh] rebuilding @ http://localhost:3100/_next/static/chunks/node_modules_next_dist_115brz8._.js:2477
[ 3052837ms] [LOG] [Fast Refresh] done in 118ms @ http://localhost:3100/_next/static/chunks/node_modules_next_dist_115brz8._.js:2477
[13565952ms] [LOG] [Fast Refresh] rebuilding @ http://localhost:3100/_next/static/chunks/node_modules_next_dist_115brz8._.js:2477
[13566503ms] [LOG] [Fast Refresh] done in 658ms @ http://localhost:3100/_next/static/chunks/node_modules_next_dist_115brz8._.js:2477
[13567263ms] [LOG] [Fast Refresh] rebuilding @ http://localhost:3100/_next/static/chunks/node_modules_next_dist_115brz8._.js:2477
[13567431ms] [LOG] [Fast Refresh] done in 269ms @ http://localhost:3100/_next/static/chunks/node_modules_next_dist_115brz8._.js:2477
[13567702ms] [LOG] [Fast Refresh] rebuilding @ http://localhost:3100/_next/static/chunks/node_modules_next_dist_115brz8._.js:2477
[13573687ms] [LOG] [Fast Refresh] done in 6087ms @ http://localhost:3100/_next/static/chunks/node_modules_next_dist_115brz8._.js:2477
[13574670ms] [LOG] [Fast Refresh] rebuilding @ http://localhost:3100/_next/static/chunks/node_modules_next_dist_115brz8._.js:2477
[13576152ms] [LOG] [Fast Refresh] done in 1582ms @ http://localhost:3100/_next/static/chunks/node_modules_next_dist_115brz8._.js:2477
